14:55:25 | DB_CALL  |   1306ms | rows=1
14:55:25 | REQUEST  |     11ms | GET / -> 200
14:55:28 | REQUEST  |      0ms | GET / -> 200
14:55:29 | AUTH     |      0ms | sign_in_with_oauth
14:55:29 | REQUEST  |      3ms | GET /auth/github -> 307
14:55:36 | AUTH     |    511ms | exchange_code_for_session
14:55:37 | DB_CALL  |    647ms | rows=1
14:55:37 | REQUEST  |   1164ms | GET /auth/callback -> 307
14:55:37 | DB_CALL  |    400ms | rows=1
14:55:37 | DB_CALL  |    388ms | rows=4
14:55:37 | DB_CALL  |    588ms | rows=0
14:55:37 | REQUEST  |    603ms | GET /admin/dashboard -> 200
14:55:45 | AUTH     |      0ms | sign_in_with_oauth
14:55:45 | REQUEST  |      1ms | GET /auth/github -> 307
14:55:49 | REQUEST  |      0ms | GET /auth/callback -> 200
14:55:58 | REQUEST  |      0ms | GET /auth/callback -> 200
14:56:29 | DB_CALL  |    868ms | rows=1
14:56:29 | REQUEST  |      9ms | GET / -> 200
14:56:37 | AUTH     |      0ms | sign_in_with_oauth
14:56:37 | REQUEST  |      1ms | GET /auth/github -> 307
14:56:42 | AUTH     |    763ms | exchange_code_for_session
14:56:42 | DB_CALL  |    812ms | rows=0
14:56:43 | DB_CALL  |    305ms | rows=1
14:56:43 | REQUEST  |   1929ms | GET /auth/callback -> 307
14:56:43 | REQUEST  |     16ms | GET /user/registration-success -> 200
14:56:50 | REQUEST  |      0ms | GET /auth/logout -> 307
14:56:50 | REQUEST  |      1ms | GET / -> 200
14:56:51 | AUTH     |      0ms | sign_in_with_oauth
14:56:51 | REQUEST  |      1ms | GET /auth/github -> 307
14:56:56 | AUTH     |    715ms | exchange_code_for_session
14:56:56 | DB_CALL  |    513ms | rows=1
14:56:56 | REQUEST  |   1231ms | GET /auth/callback -> 307
14:56:56 | REQUEST  |      7ms | GET /user/registration-success -> 200
14:56:56 | DB_CALL  |    309ms | rows=1
14:57:02 | REQUEST  |      1ms | GET /auth/logout -> 307
14:57:02 | REQUEST  |      1ms | GET / -> 200
14:57:03 | AUTH     |      0ms | sign_in_with_oauth
14:57:03 | REQUEST  |      1ms | GET /auth/github -> 307
14:57:08 | AUTH     |    815ms | exchange_code_for_session
14:57:08 | DB_CALL  |    820ms | rows=1
14:57:08 | REQUEST  |   1638ms | GET /auth/callback -> 307
14:57:08 | REQUEST  |      8ms | GET /user/registration-success -> 200
14:57:09 | DB_CALL  |    307ms | rows=1
14:57:10 | REQUEST  |      8ms | GET /user/events/6c45e968-7589-42d5-aa2b-b66b2cc5a7f0/qr -> 200
14:57:43 | DB_CALL  |    606ms | rows=0
14:57:43 | DB_CALL  |    811ms | rows=5
14:57:43 | REQUEST  |    823ms | GET /admin/dashboard -> 200
14:57:45 | REQUEST  |      6ms | GET /admin/verify -> 200
14:57:52 | DB_CALL  |    648ms | rows=1
14:57:52 | REQUEST  |    652ms | POST /api/verify -> 200
14:57:52 | DB_CALL  |    240ms | rows=1
14:57:56 | DB_CALL  |    336ms | rows=5
14:57:56 | DB_CALL  |    336ms | rows=1
14:57:56 | REQUEST  |    444ms | GET /admin/dashboard -> 200
14:57:58 | DB_CALL  |    315ms | rows=4
14:57:58 | REQUEST  |    328ms | GET /admin/export-attendance -> 200
14:58:07 | REQUEST  |      0ms | GET /auth/logout -> 307
14:58:08 | REQUEST  |      1ms | GET / -> 200
14:58:09 | REQUEST  |      1ms | GET /auth/logout -> 307
14:58:09 | REQUEST  |      0ms | GET / -> 200
14:58:10 | AUTH     |      0ms | sign_in_with_oauth
14:58:10 | REQUEST  |      1ms | GET /auth/github -> 307
14:58:14 | AUTH     |    580ms | exchange_code_for_session
14:58:15 | DB_CALL  |    662ms | rows=1
14:58:15 | REQUEST  |   1245ms | GET /auth/callback -> 307
14:58:15 | REQUEST  |      8ms | GET /user/registration-success -> 200
14:58:15 | DB_CALL  |    305ms | rows=1
14:58:16 | REQUEST  |      1ms | GET /auth/logout -> 307
14:58:16 | REQUEST  |      1ms | GET / -> 200
00:10:06 | DB_CALL  |   2455ms | rows=1
00:10:07 | REQUEST  |     23ms | GET / -> 200
00:10:10 | AUTH     |      0ms | sign_in_with_oauth
00:10:10 | REQUEST  |      2ms | GET /auth/github -> 307
00:13:51 | REQUEST  |     11ms | GET / -> 200
00:14:19 | REQUEST  |      2ms | GET / -> 200
00:14:20 | AUTH     |     26ms | sign_in_with_oauth
00:14:20 | REQUEST  |     41ms | GET /auth/github -> 307
00:14:24 | AUTH     |    832ms | exchange_code_for_session
00:14:25 | DB_CALL  |    991ms | rows=1
00:14:25 | REQUEST  |   1870ms | GET /auth/callback -> 307
00:14:26 | DB_CALL  |    499ms | rows=1
00:14:26 | DB_CALL  |   1091ms | rows=5
00:14:26 | DB_CALL  |   1091ms | rows=1
00:14:26 | REQUEST  |   1128ms | GET /admin/dashboard -> 200
00:14:31 | DB_CALL  |    444ms | rows=5
00:14:31 | REQUEST  |    468ms | GET /admin/users -> 200
00:17:05 | DB_CALL  |    738ms | rows=1
00:17:06 | DB_CALL  |    426ms | rows=5
00:17:06 | REQUEST  |    447ms | GET /admin/users -> 200
00:19:34 | DB_CALL  |   1504ms | rows=1
00:20:01 | DB_CALL  |    876ms | rows=1
00:20:04 | DB_CALL  |    478ms | rows=5
00:20:04 | REQUEST  |    497ms | GET /admin/users -> 200
00:20:15 | DB_CALL  |    605ms | rows=1
00:20:15 | REQUEST  |    607ms | POST /admin/users/be49886e-59c3-47f4-9ff1-420a0464c18c/promote -> 303
00:20:15 | DB_CALL  |    229ms | rows=5
00:20:15 | REQUEST  |    230ms | GET /admin/users -> 200
00:23:27 | DB_CALL  |    945ms | rows=1
00:23:30 | DB_CALL  |    470ms | rows=5
00:23:30 | REQUEST  |    491ms | GET /admin/users -> 200
00:25:27 | DB_CALL  |   1193ms | rows=1
00:25:41 | DB_CALL  |    871ms | rows=1
00:25:43 | DB_CALL  |    481ms | rows=5
00:25:43 | REQUEST  |    501ms | GET /admin/users -> 200
00:25:50 | DB_CALL  |    909ms | rows=1
00:25:50 | REQUEST  |    912ms | POST /admin/users/be49886e-59c3-47f4-9ff1-420a0464c18c/demote -> 303
00:25:51 | DB_CALL  |    398ms | rows=5
00:25:51 | REQUEST  |    399ms | GET /admin/users -> 200
00:25:54 | DB_CALL  |    273ms | rows=1
00:25:54 | REQUEST  |    274ms | POST /admin/users/920e5f6c-2ab0-4907-b203-2346a25d2dda/promote -> 303
00:25:54 | DB_CALL  |    366ms | rows=5
00:25:54 | REQUEST  |    367ms | GET /admin/users -> 200
00:25:59 | DB_CALL  |    269ms | rows=1
00:25:59 | REQUEST  |    270ms | POST /admin/users/920e5f6c-2ab0-4907-b203-2346a25d2dda/demote -> 303
00:25:59 | DB_CALL  |    277ms | rows=5
00:25:59 | REQUEST  |    278ms | GET /admin/users -> 200
00:26:04 | DB_CALL  |    312ms | rows=1
00:26:04 | REQUEST  |    313ms | POST /admin/users/be49886e-59c3-47f4-9ff1-420a0464c18c/promote -> 303
00:26:05 | DB_CALL  |    300ms | rows=5
00:26:05 | REQUEST  |    302ms | GET /admin/users -> 200
00:26:07 | DB_CALL  |    319ms | rows=5
00:26:07 | REQUEST  |    321ms | GET /admin/users -> 200
00:26:08 | DB_CALL  |    222ms | rows=5
00:26:08 | REQUEST  |    224ms | GET /admin/users -> 200
00:26:09 | DB_CALL  |    236ms | rows=5
00:26:09 | REQUEST  |    237ms | GET /admin/users -> 200
00:26:55 | DB_CALL  |    541ms | rows=5
00:26:55 | REQUEST  |    554ms | GET /admin/users -> 200
00:27:17 | REQUEST  |      0ms | GET /.well-known/appspecific/com.chrome.devtools.json -> 404
00:31:23 | DB_CALL  |   1526ms | rows=1
00:31:23 | REQUEST  |   1574ms | POST /admin/users/920e5f6c-2ab0-4907-b203-2346a25d2dda/delete -> 303
00:31:24 | DB_CALL  |    495ms | rows=4
00:31:24 | REQUEST  |    498ms | GET /admin/users -> 200
00:31:45 | REQUEST  |     77ms | GET / -> 200
00:31:45 | REQUEST  |      5ms | GET /favicon.ico -> 404
00:32:01 | AUTH     |     15ms | sign_in_with_oauth
00:32:01 | REQUEST  |     67ms | GET /auth/github -> 307
00:32:05 | AUTH     |    637ms | exchange_code_for_session
00:32:06 | DB_CALL  |    834ms | rows=1
00:32:06 | DB_CALL  |   1028ms | rows=0
00:32:07 | DB_CALL  |    285ms | rows=1
00:32:07 | REQUEST  |   2113ms | GET /auth/callback -> 307
00:32:07 | REQUEST  |     22ms | GET /user/registration-success -> 200
00:32:09 | REQUEST  |     12ms | GET /user/events/5e1ad0a7-ac4a-441f-b631-5b8bf36c4785/qr -> 200
00:32:27 | DB_CALL  |   1152ms | rows=5
00:32:27 | REQUEST  |   1153ms | GET /admin/users -> 200
00:32:34 | DB_CALL  |    741ms | rows=5
00:32:34 | REQUEST  |    743ms | GET /admin/users -> 200
00:59:25 | DB_CALL  |   1973ms | rows=1
00:59:28 | DB_CALL  |    520ms | rows=5
00:59:28 | REQUEST  |    624ms | GET /admin/users -> 200
00:59:31 | DB_CALL  |    394ms | rows=5
00:59:31 | REQUEST  |    396ms | GET /admin/users -> 200
00:59:38 | DB_CALL  |    684ms | rows=1
00:59:38 | REQUEST  |    696ms | GET /admin/events -> 200
01:02:01 | DB_CALL  |    961ms | rows=1
01:02:02 | DB_CALL  |    473ms | rows=1
01:02:02 | REQUEST  |    505ms | GET /admin/events -> 200
01:04:34 | DB_CALL  |   1719ms | rows=1
01:04:34 | REQUEST  |   1782ms | GET /admin/events -> 200
01:05:36 | DB_CALL  |    833ms | rows=0
01:05:37 | DB_CALL  |    537ms | rows=1
01:05:37 | REQUEST  |   1380ms | POST /admin/events/c2df74ea-3e3c-40e0-b418-c6b5cd3d05cc/edit -> 303
01:05:37 | DB_CALL  |    496ms | rows=1
01:05:37 | REQUEST  |    497ms | GET /admin/events -> 200
01:05:49 | DB_CALL  |    745ms | rows=1
01:05:49 | REQUEST  |    747ms | POST /admin/events/create -> 303
01:05:49 | DB_CALL  |    466ms | rows=2
01:05:49 | REQUEST  |    467ms | GET /admin/events -> 200
01:05:54 | DB_CALL  |    496ms | rows=1
01:05:54 | REQUEST  |    497ms | POST /admin/events/d809dacb-6684-4a7b-af81-74d7353cdb0e/delete -> 303
01:05:54 | DB_CALL  |    444ms | rows=1
01:05:54 | REQUEST  |    446ms | GET /admin/events -> 200
01:09:42 | DB_CALL  |    791ms | rows=0
01:09:43 | DB_CALL  |    516ms | rows=1
01:09:43 | REQUEST  |   1330ms | POST /admin/events/c2df74ea-3e3c-40e0-b418-c6b5cd3d05cc/edit -> 303
01:09:43 | DB_CALL  |    502ms | rows=1
01:09:43 | REQUEST  |    506ms | GET /admin/events -> 200
01:09:52 | DB_CALL  |    730ms | rows=0
01:09:53 | DB_CALL  |   1451ms | rows=5
01:09:53 | REQUEST  |   1483ms | GET /admin/dashboard -> 200
01:10:19 | DB_CALL  |    715ms | rows=5
01:10:19 | REQUEST  |    753ms | GET /admin/users -> 200
01:10:25 | DB_CALL  |    776ms | rows=1
01:10:25 | REQUEST  |    777ms | GET /admin/events -> 200
01:13:27 | REQUEST  |     67ms | GET /auth/logout -> 307
01:13:27 | REQUEST  |    125ms | GET / -> 200
12:08:40 | DB_CALL  |   2310ms | rows=1
12:08:42 | REQUEST  |     16ms | GET / -> 200
12:08:42 | REQUEST  |      1ms | GET /favicon.ico -> 404
12:08:43 | AUTH     |      0ms | sign_in_with_oauth
12:08:43 | REQUEST  |      3ms | GET /auth/github -> 307
12:08:48 | AUTH     |    523ms | exchange_code_for_session
12:08:49 | DB_CALL  |    683ms | rows=1
12:08:49 | REQUEST  |   1212ms | GET /auth/callback -> 307
12:08:50 | DB_CALL  |   1074ms | rows=5
12:08:50 | DB_CALL  |   1074ms | rows=0
12:08:50 | REQUEST  |   1093ms | GET /admin/dashboard -> 200
12:08:50 | DB_CALL  |   1191ms | rows=1
10:55:06 | DB_CALL  |   1714ms | rows=1
10:55:06 | REQUEST  |     15ms | GET / -> 200
10:55:06 | REQUEST  |      2ms | GET /favicon.ico -> 404
10:55:08 | AUTH     |      0ms | sign_in_with_oauth
10:55:08 | REQUEST  |      3ms | GET /auth/github -> 307
10:55:12 | AUTH     |   1122ms | exchange_code_for_session
10:55:13 | DB_CALL  |    415ms | rows=1
10:55:13 | REQUEST  |   1543ms | GET /auth/callback -> 307
10:55:13 | DB_CALL  |    297ms | rows=5
10:55:13 | DB_CALL  |    513ms | rows=1
10:55:13 | DB_CALL  |    502ms | rows=0
10:55:13 | REQUEST  |    514ms | GET /admin/dashboard -> 200
10:55:18 | DB_CALL  |    308ms | rows=5
10:55:18 | REQUEST  |    320ms | GET /admin/users -> 200
10:55:31 | DB_CALL  |   2255ms | rows=1
10:55:31 | REQUEST  |   2268ms | GET /admin/events -> 200
10:55:44 | REQUEST  |      6ms | GET /admin/verify -> 200
10:55:47 | DB_CALL  |    643ms | rows=0
10:55:47 | DB_CALL  |    653ms | rows=5
10:55:47 | REQUEST  |    655ms | GET /admin/dashboard -> 200
10:55:58 | REQUEST  |      1ms | GET /auth/logout -> 307
10:55:58 | REQUEST  |      1ms | GET / -> 200
10:58:54 | REQUEST  |      5ms | GET / -> 200
10:58:54 | REQUEST  |      1ms | GET /favicon.ico -> 404
10:58:56 | AUTH     |      2ms | sign_in_with_oauth
10:58:56 | REQUEST  |      4ms | GET /auth/github -> 307
10:59:00 | AUTH     |    547ms | exchange_code_for_session
10:59:00 | DB_CALL  |    391ms | rows=1
10:59:00 | REQUEST  |    944ms | GET /auth/callback -> 307
10:59:00 | REQUEST  |     69ms | GET /user/registration-success -> 200
10:59:00 | DB_CALL  |    211ms | rows=1
10:59:11 | REQUEST  |      1ms | GET /auth/logout -> 307
10:59:11 | REQUEST  |      1ms | GET / -> 200
